  [1m[35m (362.9ms)[0m  [1m[35mCREATE DATABASE "CatsAPI_development" ENCODING = 'unicode'[0m
  [1m[35m (228.0ms)[0m  [1m[35mCREATE DATABASE "CatsAPI_test" ENCODING = 'unicode'[0m
Started GET "/" for ::1 at 2020-05-23 23:04:17 +0300
  
ActiveRecord::PendingMigrationError (

Migrations are pending. To resolve this issue, run:

        rails db:migrate RAILS_ENV=development

):
  
activerecord (6.0.3.1) lib/active_record/migration.rb:586:in `check_pending!'
activerecord (6.0.3.1) lib/active_record/migration.rb:564:in `call'
actionpack (6.0.3.1) lib/action_dispatch/middleware/callbacks.rb:27:in `block in call'
activesupport (6.0.3.1) lib/active_support/callbacks.rb:101:in `run_callbacks'
actionpack (6.0.3.1) lib/action_dispatch/middleware/callbacks.rb:26:in `call'
actionpack (6.0.3.1) lib/action_dispatch/middleware/executor.rb:14:in `call'
actionpack (6.0.3.1) lib/action_dispatch/middleware/actionable_exceptions.rb:17:in `call'
actionpack (6.0.3.1) lib/action_dispatch/middleware/debug_exceptions.rb:32:in `call'
web-console (4.0.2) lib/web_console/middleware.rb:132:in `call_app'
web-console (4.0.2) lib/web_console/middleware.rb:28:in `block in call'
web-console (4.0.2) lib/web_console/middleware.rb:17:in `catch'
web-console (4.0.2) lib/web_console/middleware.rb:17:in `call'
actionpack (6.0.3.1) lib/action_dispatch/middleware/show_exceptions.rb:33:in `call'
railties (6.0.3.1) lib/rails/rack/logger.rb:37:in `call_app'
railties (6.0.3.1) lib/rails/rack/logger.rb:26:in `block in call'
activesupport (6.0.3.1) lib/active_support/tagged_logging.rb:80:in `block in tagged'
activesupport (6.0.3.1) lib/active_support/tagged_logging.rb:28:in `tagged'
activesupport (6.0.3.1) lib/active_support/tagged_logging.rb:80:in `tagged'
railties (6.0.3.1) lib/rails/rack/logger.rb:26:in `call'
sprockets-rails (3.2.1) lib/sprockets/rails/quiet_assets.rb:13:in `call'
actionpack (6.0.3.1) lib/action_dispatch/middleware/remote_ip.rb:81:in `call'
actionpack (6.0.3.1) lib/action_dispatch/middleware/request_id.rb:27:in `call'
rack (2.2.2) lib/rack/method_override.rb:24:in `call'
rack (2.2.2) lib/rack/runtime.rb:22:in `call'
activesupport (6.0.3.1) lib/active_support/cache/strategy/local_cache_middleware.rb:29:in `call'
actionpack (6.0.3.1) lib/action_dispatch/middleware/executor.rb:14:in `call'
actionpack (6.0.3.1) lib/action_dispatch/middleware/static.rb:126:in `call'
rack (2.2.2) lib/rack/sendfile.rb:110:in `call'
actionpack (6.0.3.1) lib/action_dispatch/middleware/host_authorization.rb:82:in `call'
webpacker (4.2.2) lib/webpacker/dev_server_proxy.rb:23:in `perform_request'
rack-proxy (0.6.5) lib/rack/proxy.rb:57:in `call'
railties (6.0.3.1) lib/rails/engine.rb:527:in `call'
puma (4.3.5) lib/puma/configuration.rb:228:in `call'
puma (4.3.5) lib/puma/server.rb:713:in `handle_request'
puma (4.3.5) lib/puma/server.rb:472:in `process_client'
puma (4.3.5) lib/puma/server.rb:328:in `block in run'
puma (4.3.5) lib/puma/thread_pool.rb:134:in `block in spawn_thread'
  [1m[35m (19.4ms)[0m  [1m[35mCREATE TABLE "schema_migrations" ("version" character varying NOT NULL PRIMARY KEY)[0m
  [1m[35m (4.8ms)[0m  [1m[35mCREATE TABLE "ar_internal_metadata" ("key" character varying NOT NULL PRIMARY KEY, "value" character varying, "created_at" timestamp(6) NOT NULL, "updated_at" timestamp(6) NOT NULL)[0m
  [1m[35m (0.4ms)[0m  [1m[34mSELECT "schema_migrations"."version" FROM "schema_migrations" ORDER BY "schema_migrations"."version" ASC[0m
  [1m[35m (0.3ms)[0m  [1m[34mSELECT "schema_migrations"."version" FROM "schema_migrations" ORDER BY "schema_migrations"."version" ASC[0m
  [1m[35m (0.7ms)[0m  [1m[34mSELECT pg_try_advisory_lock(2977971359299543320)[0m
  [1m[35m (0.3ms)[0m  [1m[34mSELECT "schema_migrations"."version" FROM "schema_migrations" ORDER BY "schema_migrations"."version" ASC[0m
  [1m[35m (0.3ms)[0m  [1m[34mSELECT pg_advisory_unlock(2977971359299543320)[0m
  [1m[35m (0.5ms)[0m  [1m[34mSELECT "schema_migrations"."version" FROM "schema_migrations" ORDER BY "schema_migrations"."version" ASC[0m
Started GET "/" for ::1 at 2020-05-23 23:05:15 +0300
Processing by Rails::WelcomeController#index as HTML
  Rendering /home/ynsture/.rbenv/versions/2.6.5/lib/ruby/gems/2.6.0/gems/railties-6.0.3.1/lib/rails/templates/rails/welcome/index.html.erb
  Rendered /home/ynsture/.rbenv/versions/2.6.5/lib/ruby/gems/2.6.0/gems/railties-6.0.3.1/lib/rails/templates/rails/welcome/index.html.erb (Duration: 11.6ms | Allocations: 308)
Completed 200 OK in 30ms (Views: 16.0ms | ActiveRecord: 0.0ms | Allocations: 1837)


Started GET "/cats" for ::1 at 2020-05-23 23:05:28 +0300
  
AbstractController::ActionNotFound (The action 'index' could not be found for CatsController):
  
actionpack (6.0.3.1) lib/abstract_controller/base.rb:131:in `process'
actionview (6.0.3.1) lib/action_view/rendering.rb:39:in `process'
actionpack (6.0.3.1) lib/action_controller/metal.rb:190:in `dispatch'
actionpack (6.0.3.1) lib/action_controller/metal.rb:254:in `dispatch'
actionpack (6.0.3.1) lib/action_dispatch/routing/route_set.rb:50:in `dispatch'
actionpack (6.0.3.1) lib/action_dispatch/routing/route_set.rb:33:in `serve'
actionpack (6.0.3.1) lib/action_dispatch/journey/router.rb:49:in `block in serve'
actionpack (6.0.3.1) lib/action_dispatch/journey/router.rb:32:in `each'
actionpack (6.0.3.1) lib/action_dispatch/journey/router.rb:32:in `serve'
actionpack (6.0.3.1) lib/action_dispatch/routing/route_set.rb:834:in `call'
rack (2.2.2) lib/rack/tempfile_reaper.rb:15:in `call'
rack (2.2.2) lib/rack/etag.rb:27:in `call'
rack (2.2.2) lib/rack/conditional_get.rb:27:in `call'
rack (2.2.2) lib/rack/head.rb:12:in `call'
actionpack (6.0.3.1) lib/action_dispatch/http/content_security_policy.rb:18:in `call'
rack (2.2.2) lib/rack/session/abstract/id.rb:266:in `context'
rack (2.2.2) lib/rack/session/abstract/id.rb:260:in `call'
actionpack (6.0.3.1) lib/action_dispatch/middleware/cookies.rb:648:in `call'
activerecord (6.0.3.1) lib/active_record/migration.rb:567:in `call'
actionpack (6.0.3.1) lib/action_dispatch/middleware/callbacks.rb:27:in `block in call'
activesupport (6.0.3.1) lib/active_support/callbacks.rb:101:in `run_callbacks'
actionpack (6.0.3.1) lib/action_dispatch/middleware/callbacks.rb:26:in `call'
actionpack (6.0.3.1) lib/action_dispatch/middleware/executor.rb:14:in `call'
actionpack (6.0.3.1) lib/action_dispatch/middleware/actionable_exceptions.rb:17:in `call'
actionpack (6.0.3.1) lib/action_dispatch/middleware/debug_exceptions.rb:32:in `call'
web-console (4.0.2) lib/web_console/middleware.rb:132:in `call_app'
web-console (4.0.2) lib/web_console/middleware.rb:28:in `block in call'
web-console (4.0.2) lib/web_console/middleware.rb:17:in `catch'
web-console (4.0.2) lib/web_console/middleware.rb:17:in `call'
actionpack (6.0.3.1) lib/action_dispatch/middleware/show_exceptions.rb:33:in `call'
railties (6.0.3.1) lib/rails/rack/logger.rb:37:in `call_app'
railties (6.0.3.1) lib/rails/rack/logger.rb:26:in `block in call'
activesupport (6.0.3.1) lib/active_support/tagged_logging.rb:80:in `block in tagged'
activesupport (6.0.3.1) lib/active_support/tagged_logging.rb:28:in `tagged'
activesupport (6.0.3.1) lib/active_support/tagged_logging.rb:80:in `tagged'
railties (6.0.3.1) lib/rails/rack/logger.rb:26:in `call'
sprockets-rails (3.2.1) lib/sprockets/rails/quiet_assets.rb:13:in `call'
actionpack (6.0.3.1) lib/action_dispatch/middleware/remote_ip.rb:81:in `call'
actionpack (6.0.3.1) lib/action_dispatch/middleware/request_id.rb:27:in `call'
rack (2.2.2) lib/rack/method_override.rb:24:in `call'
rack (2.2.2) lib/rack/runtime.rb:22:in `call'
activesupport (6.0.3.1) lib/active_support/cache/strategy/local_cache_middleware.rb:29:in `call'
actionpack (6.0.3.1) lib/action_dispatch/middleware/executor.rb:14:in `call'
actionpack (6.0.3.1) lib/action_dispatch/middleware/static.rb:126:in `call'
rack (2.2.2) lib/rack/sendfile.rb:110:in `call'
actionpack (6.0.3.1) lib/action_dispatch/middleware/host_authorization.rb:82:in `call'
webpacker (4.2.2) lib/webpacker/dev_server_proxy.rb:23:in `perform_request'
rack-proxy (0.6.5) lib/rack/proxy.rb:57:in `call'
railties (6.0.3.1) lib/rails/engine.rb:527:in `call'
puma (4.3.5) lib/puma/configuration.rb:228:in `call'
puma (4.3.5) lib/puma/server.rb:713:in `handle_request'
puma (4.3.5) lib/puma/server.rb:472:in `process_client'
puma (4.3.5) lib/puma/server.rb:328:in `block in run'
puma (4.3.5) lib/puma/thread_pool.rb:134:in `block in spawn_thread'
Started GET "/cats" for ::1 at 2020-05-23 23:05:55 +0300
Processing by CatsController#index as HTML
  Rendering text template
  Rendered text template (Duration: 0.0ms | Allocations: 1)
Completed 200 OK in 5ms (Views: 3.1ms | ActiveRecord: 0.0ms | Allocations: 823)


  [1m[35m (0.6ms)[0m  [1m[34mSELECT pg_try_advisory_lock(2977971359299543320)[0m
  [1m[35m (1.9ms)[0m  [1m[34mSELECT "schema_migrations"."version" FROM "schema_migrations" ORDER BY "schema_migrations"."version" ASC[0m
Migrating to CreateCats (20200523200725)
  [1m[35m (0.2ms)[0m  [1m[35mBEGIN[0m
  [1m[35m (22.7ms)[0m  [1m[35mCREATE TABLE "cats" ("id" bigserial primary key, "name" character varying, "created_at" timestamp(6) NOT NULL, "updated_at" timestamp(6) NOT NULL)[0m
  [1m[36mprimary::SchemaMigration Create (0.5ms)[0m  [1m[32mINSERT INTO "schema_migrations" ("version") VALUES ($1) RETURNING "version"[0m  [["version", "20200523200725"]]
  [1m[35m (3.4ms)[0m  [1m[35mCOMMIT[0m
  [1m[36mActiveRecord::InternalMetadata Load (3.5ms)[0m  [1m[34mSELECT "ar_internal_metadata".* FROM "ar_internal_metadata" WHERE "ar_internal_metadata"."key" = $1 LIMIT $2[0m  [["key", "environment"], ["LIMIT", 1]]
  [1m[35m (0.3ms)[0m  [1m[35mBEGIN[0m
  [1m[36mActiveRecord::InternalMetadata Create (0.8ms)[0m  [1m[32mINSERT INTO "ar_internal_metadata" ("key", "value", "created_at", "updated_at") VALUES ($1, $2, $3, $4) RETURNING "key"[0m  [["key", "environment"], ["value", "development"], ["created_at", "2020-05-23 20:08:33.620383"], ["updated_at", "2020-05-23 20:08:33.620383"]]
  [1m[35m (0.6ms)[0m  [1m[35mCOMMIT[0m
  [1m[35m (0.5ms)[0m  [1m[34mSELECT pg_advisory_unlock(2977971359299543320)[0m
  [1m[35m (0.5ms)[0m  [1m[34mSELECT "schema_migrations"."version" FROM "schema_migrations" ORDER BY "schema_migrations"."version" ASC[0m
Started GET "/cats" for ::1 at 2020-05-23 23:17:30 +0300
  [1m[35m (0.6ms)[0m  [1m[34mSELECT "schema_migrations"."version" FROM "schema_migrations" ORDER BY "schema_migrations"."version" ASC[0m
Processing by CatsController#index as HTML
  Rendering text template
  Rendered text template (Duration: 0.0ms | Allocations: 2)
Completed 200 OK in 3ms (Views: 1.0ms | ActiveRecord: 0.0ms | Allocations: 532)


Started GET "/cats" for ::1 at 2020-05-23 23:18:59 +0300
Processing by CatsController#index as HTML
  [1m[36mCat Load (2.0ms)[0m  [1m[34mSELECT "cats".* FROM "cats"[0m
  ↳ app/controllers/cats_controller.rb:4:in `index'
Completed 200 OK in 13ms (Views: 3.3ms | ActiveRecord: 5.2ms | Allocations: 1919)


Started GET "/cats" for ::1 at 2020-05-23 23:19:00 +0300
Processing by CatsController#index as HTML
  [1m[36mCat Load (0.4ms)[0m  [1m[34mSELECT "cats".* FROM "cats"[0m
  ↳ app/controllers/cats_controller.rb:4:in `index'
Completed 200 OK in 3ms (Views: 1.9ms | ActiveRecord: 0.4ms | Allocations: 1079)


Started GET "/cats" for ::1 at 2020-05-23 23:19:00 +0300
Processing by CatsController#index as HTML
  [1m[36mCat Load (0.4ms)[0m  [1m[34mSELECT "cats".* FROM "cats"[0m
  ↳ app/controllers/cats_controller.rb:4:in `index'
Completed 200 OK in 3ms (Views: 1.6ms | ActiveRecord: 0.4ms | Allocations: 1064)


  [1m[35m (0.3ms)[0m  [1m[35mBEGIN[0m
  [1m[36mCat Create (1.8ms)[0m  [1m[32mINSERT INTO "cats" ("name", "created_at", "updated_at") VALUES ($1, $2, $3) RETURNING "id"[0m  [["name", "cat1"], ["created_at", "2020-05-23 20:19:40.010385"], ["updated_at", "2020-05-23 20:19:40.010385"]]
  [1m[35m (1.3ms)[0m  [1m[35mCOMMIT[0m
Started GET "/cats" for ::1 at 2020-05-23 23:19:44 +0300
Processing by CatsController#index as HTML
  [1m[36mCat Load (0.5ms)[0m  [1m[34mSELECT "cats".* FROM "cats"[0m
  ↳ app/controllers/cats_controller.rb:4:in `index'
Completed 200 OK in 14ms (Views: 7.9ms | ActiveRecord: 4.5ms | Allocations: 3750)


Started GET "/cats" for ::1 at 2020-05-23 23:20:23 +0300
Processing by CatsController#index as HTML
  [1m[36mCat Load (0.4ms)[0m  [1m[34mSELECT "cats".* FROM "cats"[0m
  ↳ app/controllers/cats_controller.rb:4:in `index'
Completed 200 OK in 15ms (Views: 8.8ms | ActiveRecord: 4.3ms | Allocations: 4194)


Started GET "/cats" for ::1 at 2020-05-23 23:20:25 +0300
Processing by CatsController#index as HTML
  [1m[36mCat Load (0.7ms)[0m  [1m[34mSELECT "cats".* FROM "cats"[0m
  ↳ app/controllers/cats_controller.rb:4:in `index'
Completed 200 OK in 5ms (Views: 3.6ms | ActiveRecord: 0.7ms | Allocations: 1182)


Started GET "/cats" for ::1 at 2020-05-23 23:20:26 +0300
Processing by CatsController#index as HTML
  [1m[36mCat Load (0.8ms)[0m  [1m[34mSELECT "cats".* FROM "cats"[0m
  ↳ app/controllers/cats_controller.rb:4:in `index'
Completed 200 OK in 5ms (Views: 3.4ms | ActiveRecord: 0.8ms | Allocations: 1165)


Started GET "/cats/1" for ::1 at 2020-05-23 23:22:26 +0300
Processing by CatsController#show as HTML
  Parameters: {"id"=>"1"}
Completed 500 Internal Server Error in 4ms (ActiveRecord: 0.0ms | Allocations: 1282)


  
NoMethodError (undefined method `[]' for nil:NilClass):
  
app/controllers/cats_controller.rb:9:in `show'
Started GET "/cats/1" for ::1 at 2020-05-23 23:22:59 +0300
Processing by CatsController#show as HTML
  Parameters: {"id"=>"1"}
Completed 200 OK in 1ms (Views: 0.2ms | ActiveRecord: 0.0ms | Allocations: 297)


Started GET "/cats/1" for ::1 at 2020-05-23 23:23:00 +0300
Processing by CatsController#show as HTML
  Parameters: {"id"=>"1"}
Completed 200 OK in 2ms (Views: 0.2ms | ActiveRecord: 0.0ms | Allocations: 289)


Started GET "/cats/" for ::1 at 2020-05-23 23:23:12 +0300
Processing by CatsController#index as HTML
  [1m[36mCat Load (0.5ms)[0m  [1m[34mSELECT "cats".* FROM "cats"[0m
  ↳ app/controllers/cats_controller.rb:4:in `index'
Completed 200 OK in 21ms (Views: 11.1ms | ActiveRecord: 6.1ms | Allocations: 4221)


Started GET "/cats/" for ::1 at 2020-05-23 23:23:36 +0300
Processing by CatsController#index as HTML
  [1m[36mCat Load (0.6ms)[0m  [1m[34mSELECT "cats".* FROM "cats"[0m
  ↳ app/controllers/cats_controller.rb:4:in `index'
Completed 200 OK in 14ms (Views: 7.4ms | ActiveRecord: 3.3ms | Allocations: 4212)


Started GET "/cats/" for ::1 at 2020-05-23 23:23:37 +0300
Processing by CatsController#index as HTML
  [1m[36mCat Load (0.3ms)[0m  [1m[34mSELECT "cats".* FROM "cats"[0m
  ↳ app/controllers/cats_controller.rb:4:in `index'
Completed 200 OK in 3ms (Views: 1.6ms | ActiveRecord: 0.3ms | Allocations: 1165)


Started GET "/cats/22" for ::1 at 2020-05-23 23:23:40 +0300
Processing by CatsController#show as HTML
  Parameters: {"id"=>"22"}
Completed 200 OK in 1ms (Views: 0.2ms | ActiveRecord: 0.0ms | Allocations: 289)


Started GET "/cats/1" for ::1 at 2020-05-23 23:24:07 +0300
Processing by CatsController#show as HTML
  Parameters: {"id"=>"1"}
Completed 200 OK in 1ms (Views: 0.2ms | ActiveRecord: 0.0ms | Allocations: 289)


Started GET "/cats/1" for ::1 at 2020-05-23 23:24:40 +0300
Processing by CatsController#show as HTML
  Parameters: {"id"=>"1"}
Completed 500 Internal Server Error in 4ms (ActiveRecord: 0.0ms | Allocations: 1266)


  
NoMethodError (undefined method `[]' for nil:NilClass):
  
app/controllers/cats_controller.rb:9:in `show'
Started GET "/cats/1" for ::1 at 2020-05-23 23:24:54 +0300
Processing by CatsController#show as HTML
  Parameters: {"id"=>"1"}
Completed 500 Internal Server Error in 3ms (ActiveRecord: 0.0ms | Allocations: 1284)


  
NoMethodError (undefined method `[]' for nil:NilClass):
  
app/controllers/cats_controller.rb:9:in `show'
Started GET "/cats/1" for ::1 at 2020-05-23 23:24:56 +0300
Processing by CatsController#show as HTML
  Parameters: {"id"=>"1"}
Completed 500 Internal Server Error in 2ms (ActiveRecord: 0.0ms | Allocations: 969)


  
NoMethodError (undefined method `[]' for nil:NilClass):
  
app/controllers/cats_controller.rb:9:in `show'
  [1m[35m (0.3ms)[0m  [1m[35mBEGIN[0m
  [1m[36mCat Create (1.0ms)[0m  [1m[32mINSERT INTO "cats" ("name", "created_at", "updated_at") VALUES ($1, $2, $3) RETURNING "id"[0m  [["name", "şKİRR"], ["created_at", "2020-05-23 20:26:13.616089"], ["updated_at", "2020-05-23 20:26:13.616089"]]
  [1m[35m (0.9ms)[0m  [1m[35mCOMMIT[0m
  [1m[35m (0.3ms)[0m  [1m[35mBEGIN[0m
  [1m[36mCat Create (1.4ms)[0m  [1m[32mINSERT INTO "cats" ("name", "created_at", "updated_at") VALUES ($1, $2, $3) RETURNING "id"[0m  [["name", "Yeni kedi"], ["created_at", "2020-05-23 20:26:25.558262"], ["updated_at", "2020-05-23 20:26:25.558262"]]
  [1m[35m (1.3ms)[0m  [1m[35mCOMMIT[0m
Started GET "/cats/1" for ::1 at 2020-05-23 23:26:33 +0300
Processing by CatsController#show as HTML
  Parameters: {"id"=>"1"}
Completed 500 Internal Server Error in 2ms (ActiveRecord: 0.0ms | Allocations: 968)


  
NoMethodError (undefined method `[]' for nil:NilClass):
  
app/controllers/cats_controller.rb:9:in `show'
Started GET "/cats/" for ::1 at 2020-05-23 23:26:36 +0300
Processing by CatsController#index as HTML
  [1m[36mCat Load (1.4ms)[0m  [1m[34mSELECT "cats".* FROM "cats"[0m
  ↳ app/controllers/cats_controller.rb:4:in `index'
Completed 200 OK in 26ms (Views: 15.9ms | ActiveRecord: 8.9ms | Allocations: 4065)


Started GET "/cats/" for ::1 at 2020-05-23 23:26:46 +0300
Processing by CatsController#index as HTML
  [1m[36mCat Load (0.3ms)[0m  [1m[34mSELECT "cats".* FROM "cats"[0m
  ↳ app/controllers/cats_controller.rb:4:in `index'
Completed 200 OK in 17ms (Views: 8.8ms | ActiveRecord: 6.6ms | Allocations: 4378)


Started GET "/cats/1" for ::1 at 2020-05-23 23:26:58 +0300
Processing by CatsController#show as HTML
  Parameters: {"id"=>"1"}
Completed 500 Internal Server Error in 4ms (ActiveRecord: 0.0ms | Allocations: 968)


  
NoMethodError (undefined method `[]' for nil:NilClass):
  
app/controllers/cats_controller.rb:8:in `show'
Started GET "/cats/1" for ::1 at 2020-05-23 23:27:21 +0300
Processing by CatsController#show as HTML
  Parameters: {"id"=>"1"}
Completed 500 Internal Server Error in 4ms (ActiveRecord: 0.0ms | Allocations: 1267)


  
NoMethodError (undefined method `[]' for nil:NilClass):
  
app/controllers/cats_controller.rb:8:in `show'
Started GET "/cats/1" for ::1 at 2020-05-23 23:27:23 +0300
Processing by CatsController#show as HTML
  Parameters: {"id"=>"1"}
Completed 500 Internal Server Error in 2ms (ActiveRecord: 0.0ms | Allocations: 967)


  
NoMethodError (undefined method `[]' for nil:NilClass):
  
app/controllers/cats_controller.rb:8:in `show'
Started GET "/cats/1" for ::1 at 2020-05-23 23:27:39 +0300
Processing by CatsController#show as HTML
  Parameters: {"id"=>"1"}
Completed 500 Internal Server Error in 3ms (ActiveRecord: 0.0ms | Allocations: 1314)


  
NoMethodError (undefined method `[]' for nil:NilClass):
  
app/controllers/cats_controller.rb:8:in `show'
Started GET "/cats/1" for ::1 at 2020-05-23 23:28:01 +0300
Processing by CatsController#show as HTML
  Parameters: {"id"=>"1"}
Completed 500 Internal Server Error in 4ms (ActiveRecord: 0.0ms | Allocations: 2179)


  
NameError (uninitialized constant CatsController::Cats):
  
app/controllers/cats_controller.rb:8:in `show'
Started GET "/cats/1" for ::1 at 2020-05-23 23:29:23 +0300
Processing by CatsController#show as HTML
  Parameters: {"id"=>"1"}
Completed 500 Internal Server Error in 2ms (ActiveRecord: 0.0ms | Allocations: 1270)


  
NoMethodError (undefined method `[]' for nil:NilClass):
  
app/controllers/cats_controller.rb:8:in `show'
Started GET "/cats/1" for ::1 at 2020-05-23 23:30:07 +0300
Processing by CatsController#show as HTML
  Parameters: {"id"=>"1"}
Completed 500 Internal Server Error in 4ms (ActiveRecord: 0.0ms | Allocations: 1267)


  
NoMethodError (undefined method `[]' for nil:NilClass):
  
app/controllers/cats_controller.rb:8:in `show'
Started GET "/cats/1" for ::1 at 2020-05-23 23:30:08 +0300
Processing by CatsController#show as HTML
  Parameters: {"id"=>"1"}
Completed 500 Internal Server Error in 2ms (ActiveRecord: 0.0ms | Allocations: 967)


  
NoMethodError (undefined method `[]' for nil:NilClass):
  
app/controllers/cats_controller.rb:8:in `show'
Started GET "/cats/1" for ::1 at 2020-05-23 23:30:17 +0300
Processing by CatsController#show as HTML
  Parameters: {"id"=>"1"}
Completed 500 Internal Server Error in 1ms (ActiveRecord: 0.0ms | Allocations: 974)


  
NoMethodError (undefined method `[]' for nil:NilClass):
  
app/controllers/cats_controller.rb:9:in `show'
Started GET "/cats/1" for ::1 at 2020-05-23 23:30:18 +0300
Processing by CatsController#show as HTML
  Parameters: {"id"=>"1"}
Completed 500 Internal Server Error in 2ms (ActiveRecord: 0.0ms | Allocations: 967)


  
NoMethodError (undefined method `[]' for nil:NilClass):
  
app/controllers/cats_controller.rb:9:in `show'
Started GET "/" for ::1 at 2020-05-23 23:31:13 +0300
Processing by Rails::WelcomeController#index as HTML
  Rendering /home/ynsture/.rbenv/versions/2.6.5/lib/ruby/gems/2.6.0/gems/railties-6.0.3.1/lib/rails/templates/rails/welcome/index.html.erb
  Rendered /home/ynsture/.rbenv/versions/2.6.5/lib/ruby/gems/2.6.0/gems/railties-6.0.3.1/lib/rails/templates/rails/welcome/index.html.erb (Duration: 10.2ms | Allocations: 184)
Completed 200 OK in 18ms (Views: 13.0ms | ActiveRecord: 0.0ms | Allocations: 2323)


Started GET "/cats/1" for ::1 at 2020-05-23 23:33:36 +0300
Processing by CatsController#show as HTML
  Parameters: {"id"=>"1"}
Completed 500 Internal Server Error in 3ms (ActiveRecord: 0.0ms | Allocations: 1270)


  
NoMethodError (undefined method `[]' for nil:NilClass):
  
app/controllers/cats_controller.rb:8:in `show'
Started GET "/cats/1" for ::1 at 2020-05-23 23:33:38 +0300
Processing by CatsController#show as HTML
  Parameters: {"id"=>"1"}
Completed 500 Internal Server Error in 2ms (ActiveRecord: 0.0ms | Allocations: 967)


  
NoMethodError (undefined method `[]' for nil:NilClass):
  
app/controllers/cats_controller.rb:8:in `show'
  [1m[35m (1.2ms)[0m  [1m[34mSELECT "schema_migrations"."version" FROM "schema_migrations" ORDER BY "schema_migrations"."version" ASC[0m
Started GET "/cats/1" for ::1 at 2020-05-23 23:35:36 +0300
Processing by CatsController#show as HTML
  Parameters: {"id"=>"1"}
  [1m[36mCat Load (0.2ms)[0m  [1m[34mSELECT "cats".* FROM "cats" WHERE "cats"."id" = $1 LIMIT $2[0m  [["id", 1], ["LIMIT", 1]]
  ↳ app/controllers/cats_controller.rb:8:in `show'
  Rendering cats/show.html.erb within layouts/application
  Rendered cats/show.html.erb within layouts/application (Duration: 2.3ms | Allocations: 1305)
Completed 500 Internal Server Error in 25ms (ActiveRecord: 5.6ms | Allocations: 6587)


  
ActionView::Template::Error (undefined method `name' for nil:NilClass):
    1: <p>
    2: <%=@article.name%>
    3: </p>
  
app/views/cats/show.html.erb:2
Started GET "/cats/1" for ::1 at 2020-05-23 23:36:14 +0300
Processing by CatsController#show as HTML
  Parameters: {"id"=>"1"}
  [1m[36mCat Load (0.4ms)[0m  [1m[34mSELECT "cats".* FROM "cats" WHERE "cats"."id" = $1 LIMIT $2[0m  [["id", 1], ["LIMIT", 1]]
  ↳ app/controllers/cats_controller.rb:8:in `show'
  Rendering cats/show.html.erb within layouts/application
  Rendered cats/show.html.erb within layouts/application (Duration: 1.5ms | Allocations: 102)
[Webpacker] Compiling...
[Webpacker] Compiled all packs in /home/ynsture/Developments/App-Academy-Studies/Rails/CatsAPI/public/packs
[Webpacker] Hash: 15d1bb7b54cf6326b9ba
Version: webpack 4.43.0
Time: 3064ms
Built at: 05/23/2020 11:36:20 PM
                                     Asset       Size       Chunks                         Chunk Names
    js/application-9afcbb5693aa87623e69.js    124 KiB  application  [emitted] [immutable]  application
js/application-9afcbb5693aa87623e69.js.map    139 KiB  application  [emitted] [dev]        application
                             manifest.json  364 bytes               [emitted]              
Entrypoint application = js/application-9afcbb5693aa87623e69.js js/application-9afcbb5693aa87623e69.js.map
[./app/javascript/channels sync recursive _channel\.js$] ./app/javascript/channels sync _channel\.js$ 160 bytes {application} [built]
[./app/javascript/channels/index.js] 211 bytes {application} [built]
[./app/javascript/packs/application.js] 749 bytes {application} [built]
[./node_modules/webpack/buildin/module.js] (webpack)/buildin/module.js 552 bytes {application} [built]
    + 3 hidden modules

Completed 200 OK in 5427ms (Views: 5424.3ms | ActiveRecord: 0.4ms | Allocations: 19768)


Started GET "/cats/1" for ::1 at 2020-05-23 23:36:38 +0300
Processing by CatsController#show as HTML
  Parameters: {"id"=>"1"}
  [1m[36mCat Load (0.7ms)[0m  [1m[34mSELECT "cats".* FROM "cats" WHERE "cats"."id" = $1 LIMIT $2[0m  [["id", 1], ["LIMIT", 1]]
  ↳ app/controllers/cats_controller.rb:8:in `show'
  Rendering cats/show.html.erb within layouts/application
  Rendered cats/show.html.erb within layouts/application (Duration: 0.1ms | Allocations: 7)
[Webpacker] Everything's up-to-date. Nothing to do
Completed 200 OK in 11ms (Views: 7.0ms | ActiveRecord: 0.7ms | Allocations: 4551)


Started GET "/cats/" for ::1 at 2020-05-23 23:36:43 +0300
Processing by CatsController#index as HTML
  [1m[36mCat Load (0.5ms)[0m  [1m[34mSELECT "cats".* FROM "cats"[0m
  ↳ app/controllers/cats_controller.rb:4:in `index'
Completed 200 OK in 7ms (Views: 4.6ms | ActiveRecord: 0.5ms | Allocations: 1473)


Started GET "/cats/" for ::1 at 2020-05-23 23:38:24 +0300
Processing by CatsController#index as HTML
  Rendering cats/index.html.erb within layouts/application
  [1m[36mCat Load (0.4ms)[0m  [1m[34mSELECT "cats".* FROM "cats"[0m
  ↳ app/views/cats/index.html.erb:1
  Rendered cats/index.html.erb within layouts/application (Duration: 11.0ms | Allocations: 3606)
[Webpacker] Everything's up-to-date. Nothing to do
Completed 200 OK in 26ms (Views: 18.5ms | ActiveRecord: 3.4ms | Allocations: 8841)


Started GET "/cats/" for ::1 at 2020-05-23 23:39:03 +0300
Processing by CatsController#index as HTML
  Rendering cats/index.html.erb within layouts/application
  [1m[36mCat Load (0.3ms)[0m  [1m[34mSELECT "cats".* FROM "cats"[0m
  ↳ app/views/cats/index.html.erb:1
  Rendered cats/index.html.erb within layouts/application (Duration: 2.6ms | Allocations: 941)
[Webpacker] Everything's up-to-date. Nothing to do
Completed 200 OK in 15ms (Views: 12.7ms | ActiveRecord: 0.3ms | Allocations: 5820)


Started GET "/cats/" for ::1 at 2020-05-23 23:39:12 +0300
Processing by CatsController#index as HTML
  Rendering cats/index.html.erb within layouts/application
  Rendered cats/index.html.erb within layouts/application (Duration: 1.1ms | Allocations: 1025)
Completed 500 Internal Server Error in 6ms (ActiveRecord: 0.0ms | Allocations: 2323)


  
ActionView::SyntaxErrorInTemplate (Encountered a syntax error while rendering template: check <%=@cats.each do |cat|%>
<ul>
<li>
<%=cat.name%>
</li>


</ul>
<%=end%>
):
1:    <%=@cats.each do |cat|%>
2:    <ul>
3:    <li>
4:    <%=cat.name%>
5:    </li>
6:    
7:    
8:    </ul>
9:    <%=end%>
  
app/views/cats/index.html.erb:9: syntax error, unexpected end
app/views/cats/index.html.erb:11: syntax error, unexpected end, expecting ')'
app/views/cats/index.html.erb:9: syntax error, unexpected end
app/views/cats/index.html.erb:11: syntax error, unexpected end, expecting ')'
app/views/cats/index.html.erb:9: syntax error, unexpected end
app/views/cats/index.html.erb:11: syntax error, unexpected end, expecting ')'
app/views/cats/index.html.erb:9: syntax error, unexpected end
app/views/cats/index.html.erb:11: syntax error, unexpected end, expecting ')'
app/views/cats/index.html.erb:9: syntax error, unexpected end
app/views/cats/index.html.erb:11: syntax error, unexpected end, expecting ')'
app/views/cats/index.html.erb:9: syntax error, unexpected end
app/views/cats/index.html.erb:11: syntax error, unexpected end, expecting ')'
Started GET "/cats/" for ::1 at 2020-05-23 23:39:36 +0300
Processing by CatsController#index as HTML
  Rendering cats/index.html.erb within layouts/application
  [1m[36mCat Load (1.1ms)[0m  [1m[34mSELECT "cats".* FROM "cats"[0m
  ↳ app/views/cats/index.html.erb:2
  Rendered cats/index.html.erb within layouts/application (Duration: 4.4ms | Allocations: 957)
[Webpacker] Everything's up-to-date. Nothing to do
Completed 200 OK in 18ms (Views: 15.3ms | ActiveRecord: 1.1ms | Allocations: 5845)


