  [1m[35m (369.2ms)[0m  [1m[35mCREATE DATABASE "Rentanimals_development" ENCODING = 'unicode'[0m
  [1m[35m (234.9ms)[0m  [1m[35mCREATE DATABASE "Rentanimals_test" ENCODING = 'unicode'[0m
Started GET "/" for ::1 at 2020-06-18 22:51:37 +0300
  
SyntaxError (/home/ynsture/Developments/App-Academy-Studies/Rails/Rentanimals/config/routes.rb:2: syntax error, unexpected tIDENTIFIER, expecting end
resources :cats only: [:index , :show]
                ^~~~):
  
config/routes.rb:2: syntax error, unexpected tIDENTIFIER, expecting end
config/routes.rb:2: syntax error, unexpected tIDENTIFIER, expecting end
config/routes.rb:2: syntax error, unexpected tIDENTIFIER, expecting end
Started GET "/" for ::1 at 2020-06-18 22:52:31 +0300
  
SyntaxError (/home/ynsture/Developments/App-Academy-Studies/Rails/Rentanimals/config/routes.rb:2: syntax error, unexpected tIDENTIFIER, expecting end
resources :cats only: [:index , :show] 
                ^~~~):
  
config/routes.rb:2: syntax error, unexpected tIDENTIFIER, expecting end
config/routes.rb:2: syntax error, unexpected tIDENTIFIER, expecting end
config/routes.rb:2: syntax error, unexpected tIDENTIFIER, expecting end
Started GET "/" for ::1 at 2020-06-18 22:53:03 +0300
  
ActiveRecord::PendingMigrationError (

Migrations are pending. To resolve this issue, run:

        rails db:migrate RAILS_ENV=development

):
  
activerecord (6.0.3.2) lib/active_record/migration.rb:586:in `check_pending!'
activerecord (6.0.3.2) lib/active_record/migration.rb:564:in `call'
actionpack (6.0.3.2) lib/action_dispatch/middleware/callbacks.rb:27:in `block in call'
activesupport (6.0.3.2) lib/active_support/callbacks.rb:101:in `run_callbacks'
actionpack (6.0.3.2) lib/action_dispatch/middleware/callbacks.rb:26:in `call'
actionpack (6.0.3.2) lib/action_dispatch/middleware/executor.rb:14:in `call'
actionpack (6.0.3.2) lib/action_dispatch/middleware/actionable_exceptions.rb:17:in `call'
actionpack (6.0.3.2) lib/action_dispatch/middleware/debug_exceptions.rb:32:in `call'
web-console (4.0.3) lib/web_console/middleware.rb:132:in `call_app'
web-console (4.0.3) lib/web_console/middleware.rb:28:in `block in call'
web-console (4.0.3) lib/web_console/middleware.rb:17:in `catch'
web-console (4.0.3) lib/web_console/middleware.rb:17:in `call'
actionpack (6.0.3.2) lib/action_dispatch/middleware/show_exceptions.rb:33:in `call'
railties (6.0.3.2) lib/rails/rack/logger.rb:37:in `call_app'
railties (6.0.3.2) lib/rails/rack/logger.rb:26:in `block in call'
activesupport (6.0.3.2) lib/active_support/tagged_logging.rb:80:in `block in tagged'
activesupport (6.0.3.2) lib/active_support/tagged_logging.rb:28:in `tagged'
activesupport (6.0.3.2) lib/active_support/tagged_logging.rb:80:in `tagged'
railties (6.0.3.2) lib/rails/rack/logger.rb:26:in `call'
sprockets-rails (3.2.1) lib/sprockets/rails/quiet_assets.rb:13:in `call'
actionpack (6.0.3.2) lib/action_dispatch/middleware/remote_ip.rb:81:in `call'
actionpack (6.0.3.2) lib/action_dispatch/middleware/request_id.rb:27:in `call'
rack (2.2.3) lib/rack/method_override.rb:24:in `call'
rack (2.2.3) lib/rack/runtime.rb:22:in `call'
activesupport (6.0.3.2) lib/active_support/cache/strategy/local_cache_middleware.rb:29:in `call'
actionpack (6.0.3.2) lib/action_dispatch/middleware/executor.rb:14:in `call'
actionpack (6.0.3.2) lib/action_dispatch/middleware/static.rb:126:in `call'
rack (2.2.3) lib/rack/sendfile.rb:110:in `call'
actionpack (6.0.3.2) lib/action_dispatch/middleware/host_authorization.rb:82:in `call'
webpacker (4.2.2) lib/webpacker/dev_server_proxy.rb:23:in `perform_request'
rack-proxy (0.6.5) lib/rack/proxy.rb:57:in `call'
railties (6.0.3.2) lib/rails/engine.rb:527:in `call'
puma (4.3.5) lib/puma/configuration.rb:228:in `call'
puma (4.3.5) lib/puma/server.rb:713:in `handle_request'
puma (4.3.5) lib/puma/server.rb:472:in `process_client'
puma (4.3.5) lib/puma/server.rb:328:in `block in run'
puma (4.3.5) lib/puma/thread_pool.rb:134:in `block in spawn_thread'
  [1m[35m (27.6ms)[0m  [1m[35mCREATE TABLE "schema_migrations" ("version" character varying NOT NULL PRIMARY KEY)[0m
  [1m[35m (5.8ms)[0m  [1m[35mCREATE TABLE "ar_internal_metadata" ("key" character varying NOT NULL PRIMARY KEY, "value" character varying, "created_at" timestamp(6) NOT NULL, "updated_at" timestamp(6) NOT NULL)[0m
  [1m[35m (0.3ms)[0m  [1m[34mSELECT pg_try_advisory_lock(4293893258209799895)[0m
  [1m[35m (0.5ms)[0m  [1m[34mSELECT "schema_migrations"."version" FROM "schema_migrations" ORDER BY "schema_migrations"."version" ASC[0m
Migrating to CreateCats (20200618194145)
  [1m[35m (0.2ms)[0m  [1m[35mBEGIN[0m
  [1m[35m (6.8ms)[0m  [1m[35mCREATE TABLE "cats" ("id" bigserial primary key, "name" character varying, "sex" character varying, "description" text, "birth_date" date, "color" character varying, "created_at" timestamp(6) NOT NULL, "updated_at" timestamp(6) NOT NULL)[0m
  [1m[36mprimary::SchemaMigration Create (0.6ms)[0m  [1m[32mINSERT INTO "schema_migrations" ("version") VALUES ($1) RETURNING "version"[0m  [["version", "20200618194145"]]
  [1m[35m (1.6ms)[0m  [1m[35mCOMMIT[0m
  [1m[36mActiveRecord::InternalMetadata Load (0.3ms)[0m  [1m[34mSELECT "ar_internal_metadata".* FROM "ar_internal_metadata" WHERE "ar_internal_metadata"."key" = $1 LIMIT $2[0m  [["key", "environment"], ["LIMIT", 1]]
  [1m[35m (0.2ms)[0m  [1m[35mBEGIN[0m
  [1m[36mActiveRecord::InternalMetadata Create (0.6ms)[0m  [1m[32mINSERT INTO "ar_internal_metadata" ("key", "value", "created_at", "updated_at") VALUES ($1, $2, $3, $4) RETURNING "key"[0m  [["key", "environment"], ["value", "development"], ["created_at", "2020-06-18 19:53:46.181670"], ["updated_at", "2020-06-18 19:53:46.181670"]]
  [1m[35m (0.7ms)[0m  [1m[35mCOMMIT[0m
  [1m[35m (0.3ms)[0m  [1m[34mSELECT pg_advisory_unlock(4293893258209799895)[0m
  [1m[35m (0.6ms)[0m  [1m[34mSELECT "schema_migrations"."version" FROM "schema_migrations" ORDER BY "schema_migrations"."version" ASC[0m
Started GET "/" for ::1 at 2020-06-18 22:53:50 +0300
  [1m[35m (0.7ms)[0m  [1m[34mSELECT "schema_migrations"."version" FROM "schema_migrations" ORDER BY "schema_migrations"."version" ASC[0m
Processing by Rails::WelcomeController#index as HTML
  Rendering /home/ynsture/.rbenv/versions/2.6.5/lib/ruby/gems/2.6.0/gems/railties-6.0.3.2/lib/rails/templates/rails/welcome/index.html.erb
  Rendered /home/ynsture/.rbenv/versions/2.6.5/lib/ruby/gems/2.6.0/gems/railties-6.0.3.2/lib/rails/templates/rails/welcome/index.html.erb (Duration: 10.3ms | Allocations: 189)
Completed 200 OK in 27ms (Views: 14.2ms | ActiveRecord: 0.0ms | Allocations: 1460)


Started GET "/cats" for ::1 at 2020-06-18 22:53:54 +0300
Processing by CatsController#index as HTML
  Rendering cats/index.html.erb within layouts/application
  Rendered cats/index.html.erb within layouts/application (Duration: 0.7ms | Allocations: 81)
[Webpacker] Compiling...
[Webpacker] Compiled all packs in /home/ynsture/Developments/App-Academy-Studies/Rails/Rentanimals/public/packs
[Webpacker] Hash: 15d1bb7b54cf6326b9ba
Version: webpack 4.43.0
Time: 3472ms
Built at: 06/18/2020 10:54:00 PM
                                     Asset       Size       Chunks                         Chunk Names
    js/application-9afcbb5693aa87623e69.js    124 KiB  application  [emitted] [immutable]  application
js/application-9afcbb5693aa87623e69.js.map    139 KiB  application  [emitted] [dev]        application
                             manifest.json  364 bytes               [emitted]              
Entrypoint application = js/application-9afcbb5693aa87623e69.js js/application-9afcbb5693aa87623e69.js.map
[./app/javascript/channels sync recursive _channel\.js$] ./app/javascript/channels sync _channel\.js$ 160 bytes {application} [built]
[./app/javascript/channels/index.js] 211 bytes {application} [built]
[./app/javascript/packs/application.js] 749 bytes {application} [built]
[./node_modules/webpack/buildin/module.js] (webpack)/buildin/module.js 552 bytes {application} [built]
    + 3 hidden modules

Completed 200 OK in 5677ms (Views: 5673.0ms | ActiveRecord: 0.0ms | Allocations: 19146)


Started GET "/cats" for ::1 at 2020-06-18 22:58:08 +0300
Processing by CatsController#index as HTML
Completed 500 Internal Server Error in 2ms (ActiveRecord: 0.0ms | Allocations: 1231)


  
SyntaxError (/home/ynsture/Developments/App-Academy-Studies/Rails/Rentanimals/app/models/cat.rb:2: syntax error, unexpected tFID, expecting ')'
 def initialize(birth_?date)
                ^~~~~~~
/home/ynsture/Developments/App-Academy-Studies/Rails/Rentanimals/app/models/cat.rb:9: syntax error, unexpected end, expecting end-of-input):
  
app/models/cat.rb:2: syntax error, unexpected tFID, expecting ')'
app/models/cat.rb:9: syntax error, unexpected end, expecting end-of-input
app/models/cat.rb:2: syntax error, unexpected tFID, expecting ')'
app/models/cat.rb:9: syntax error, unexpected end, expecting end-of-input
app/models/cat.rb:2: syntax error, unexpected tFID, expecting ')'
app/models/cat.rb:9: syntax error, unexpected end, expecting end-of-input
app/controllers/cats_controller.rb:3:in `index'
Started GET "/cats" for ::1 at 2020-06-18 22:58:11 +0300
Processing by CatsController#index as HTML
Completed 500 Internal Server Error in 2ms (ActiveRecord: 0.0ms | Allocations: 1254)


  
SyntaxError (/home/ynsture/Developments/App-Academy-Studies/Rails/Rentanimals/app/models/cat.rb:2: syntax error, unexpected tFID, expecting ')'
 def initialize(birth_?date)
                ^~~~~~~
/home/ynsture/Developments/App-Academy-Studies/Rails/Rentanimals/app/models/cat.rb:9: syntax error, unexpected end, expecting end-of-input):
  
app/models/cat.rb:2: syntax error, unexpected tFID, expecting ')'
app/models/cat.rb:9: syntax error, unexpected end, expecting end-of-input
app/models/cat.rb:2: syntax error, unexpected tFID, expecting ')'
app/models/cat.rb:9: syntax error, unexpected end, expecting end-of-input
app/models/cat.rb:2: syntax error, unexpected tFID, expecting ')'
app/models/cat.rb:9: syntax error, unexpected end, expecting end-of-input
app/controllers/cats_controller.rb:3:in `index'
Started GET "/cats" for ::1 at 2020-06-18 22:59:02 +0300
Processing by CatsController#index as HTML
Completed 500 Internal Server Error in 1ms (ActiveRecord: 0.0ms | Allocations: 1215)


  
SyntaxError (/home/ynsture/Developments/App-Academy-Studies/Rails/Rentanimals/app/models/cat.rb:3: syntax error, unexpected ':', expecting end
    @birth_date:birth_date
               ^):
  
app/models/cat.rb:3: syntax error, unexpected ':', expecting end
app/models/cat.rb:3: syntax error, unexpected ':', expecting end
app/models/cat.rb:3: syntax error, unexpected ':', expecting end
app/controllers/cats_controller.rb:3:in `index'
Started GET "/cats" for ::1 at 2020-06-18 22:59:25 +0300
Processing by CatsController#index as HTML
  Rendering cats/index.html.erb within layouts/application
  Rendered cats/index.html.erb within layouts/application (Duration: 0.1ms | Allocations: 4)
[Webpacker] Everything's up-to-date. Nothing to do
Completed 200 OK in 14ms (Views: 11.2ms | ActiveRecord: 0.0ms | Allocations: 4567)


Started GET "/cats" for ::1 at 2020-06-18 22:59:26 +0300
Processing by CatsController#index as HTML
  Rendering cats/index.html.erb within layouts/application
  Rendered cats/index.html.erb within layouts/application (Duration: 0.1ms | Allocations: 4)
[Webpacker] Everything's up-to-date. Nothing to do
Completed 200 OK in 12ms (Views: 9.0ms | ActiveRecord: 0.0ms | Allocations: 3999)


Started GET "/cats/342423423" for ::1 at 2020-06-18 22:59:30 +0300
Processing by CatsController#show as HTML
  Parameters: {"id"=>"342423423"}
Completed 500 Internal Server Error in 30ms (ActiveRecord: 0.0ms | Allocations: 3681)


  
NoMethodError (undefined method `findby_id' for #<Class:0x000055b28bbc7f08>
Did you mean?  find_by):
  
app/controllers/cats_controller.rb:6:in `show'
Started GET "/cats/342423423" for ::1 at 2020-06-18 23:00:17 +0300
Processing by CatsController#show as HTML
  Parameters: {"id"=>"342423423"}
Completed 500 Internal Server Error in 27ms (ActiveRecord: 0.0ms | Allocations: 2987)


  
NoMethodError (undefined method `findby_id' for #<Class:0x000055b28bbc7f08>
Did you mean?  find_by):
  
app/controllers/cats_controller.rb:6:in `show'
Started GET "/cats/342423423" for ::1 at 2020-06-18 23:00:20 +0300
Processing by CatsController#show as HTML
  Parameters: {"id"=>"342423423"}
Completed 500 Internal Server Error in 29ms (ActiveRecord: 0.0ms | Allocations: 2986)


  
NoMethodError (undefined method `findby_id' for #<Class:0x000055b28bbc7f08>
Did you mean?  find_by):
  
app/controllers/cats_controller.rb:6:in `show'
Started GET "/cats/" for ::1 at 2020-06-18 23:00:25 +0300
Processing by CatsController#index as HTML
  Rendering cats/index.html.erb within layouts/application
  Rendered cats/index.html.erb within layouts/application (Duration: 0.8ms | Allocations: 84)
[Webpacker] Everything's up-to-date. Nothing to do
Completed 200 OK in 27ms (Views: 15.5ms | ActiveRecord: 0.0ms | Allocations: 5014)


Started GET "/cats/4354" for ::1 at 2020-06-18 23:00:39 +0300
Processing by CatsController#show as HTML
  Parameters: {"id"=>"4354"}
  Rendering cats/show.html.erb within layouts/application
  Rendered cats/show.html.erb within layouts/application (Duration: 0.5ms | Allocations: 80)
[Webpacker] Everything's up-to-date. Nothing to do
Completed 200 OK in 15ms (Views: 12.4ms | ActiveRecord: 0.0ms | Allocations: 4273)


Started GET "/cats/4354" for ::1 at 2020-06-18 23:00:41 +0300
Processing by CatsController#show as HTML
  Parameters: {"id"=>"4354"}
  Rendering cats/show.html.erb within layouts/application
  Rendered cats/show.html.erb within layouts/application (Duration: 0.1ms | Allocations: 4)
[Webpacker] Everything's up-to-date. Nothing to do
Completed 200 OK in 12ms (Views: 11.0ms | ActiveRecord: 0.0ms | Allocations: 3957)


Started GET "/cats/new" for ::1 at 2020-06-18 23:33:19 +0300
Processing by CatsController#new as HTML
  Rendering cats/new.html.erb within layouts/application
  Rendered cats/_form.html.erb (Duration: 2.7ms | Allocations: 1456)
  Rendered cats/new.html.erb within layouts/application (Duration: 3.8ms | Allocations: 1766)
Completed 500 Internal Server Error in 7ms (ActiveRecord: 0.0ms | Allocations: 3030)


  
ActionView::Template::Error (undefined method `name' for nil:NilClass):
    4:     type="text"
    5:     name="cat[name]"
    6:     id="cat_name"
    7:     value="<%= cat.name %>">
    8: 
    9:     <label for="cat_name">Name</label>
   10: <input type="radio" id="M" name="gender" value="M">
  
app/views/cats/_form.html.erb:7
app/views/cats/new.html.erb:4
app/controllers/cats_controller.rb:6:in `new'
Started GET "/cats/new" for ::1 at 2020-06-18 23:33:46 +0300
Processing by CatsController#new as HTML
  Rendering cats/new.html.erb within layouts/application
  Rendered cats/_form.html.erb (Duration: 0.3ms | Allocations: 105)
  Rendered cats/new.html.erb within layouts/application (Duration: 1.2ms | Allocations: 404)
[Webpacker] Everything's up-to-date. Nothing to do
Completed 200 OK in 24ms (Views: 23.3ms | ActiveRecord: 0.0ms | Allocations: 5250)


Started GET "/cats/new" for ::1 at 2020-06-18 23:34:04 +0300
Processing by CatsController#new as HTML
  Rendering cats/new.html.erb within layouts/application
  Rendered cats/_form.html.erb (Duration: 0.5ms | Allocations: 105)
  Rendered cats/new.html.erb within layouts/application (Duration: 3.0ms | Allocations: 409)
[Webpacker] Everything's up-to-date. Nothing to do
Completed 200 OK in 17ms (Views: 16.2ms | ActiveRecord: 0.0ms | Allocations: 5272)


Started GET "/cats/new" for ::1 at 2020-06-18 23:34:12 +0300
Processing by CatsController#new as HTML
  Rendering cats/new.html.erb within layouts/application
  Rendered cats/_form.html.erb (Duration: 0.5ms | Allocations: 105)
  Rendered cats/new.html.erb within layouts/application (Duration: 1.7ms | Allocations: 403)
[Webpacker] Everything's up-to-date. Nothing to do
Completed 200 OK in 17ms (Views: 15.6ms | ActiveRecord: 0.0ms | Allocations: 5255)


Started GET "/cats/new" for ::1 at 2020-06-18 23:34:24 +0300
Processing by CatsController#new as HTML
  Rendering cats/new.html.erb within layouts/application
  Rendered cats/_form.html.erb (Duration: 0.3ms | Allocations: 105)
  Rendered cats/new.html.erb within layouts/application (Duration: 1.4ms | Allocations: 403)
[Webpacker] Everything's up-to-date. Nothing to do
Completed 200 OK in 14ms (Views: 13.3ms | ActiveRecord: 0.0ms | Allocations: 5243)


Started GET "/cats/new" for ::1 at 2020-06-18 23:34:34 +0300
Processing by CatsController#new as HTML
  Rendering cats/new.html.erb within layouts/application
  Rendered cats/_form.html.erb (Duration: 0.5ms | Allocations: 105)
  Rendered cats/new.html.erb within layouts/application (Duration: 2.3ms | Allocations: 403)
[Webpacker] Everything's up-to-date. Nothing to do
Completed 200 OK in 16ms (Views: 14.7ms | ActiveRecord: 0.0ms | Allocations: 5263)


Started GET "/cats/new" for ::1 at 2020-06-18 23:35:00 +0300
Processing by CatsController#new as HTML
  Rendering cats/new.html.erb within layouts/application
  Rendered cats/_form.html.erb (Duration: 0.8ms | Allocations: 105)
  Rendered cats/new.html.erb within layouts/application (Duration: 2.0ms | Allocations: 403)
[Webpacker] Everything's up-to-date. Nothing to do
Completed 200 OK in 17ms (Views: 15.9ms | ActiveRecord: 0.0ms | Allocations: 5251)


Started GET "/cats/new" for ::1 at 2020-06-18 23:37:04 +0300
Processing by CatsController#new as HTML
  Rendering cats/new.html.erb within layouts/application
  Rendered cats/_form.html.erb (Duration: 0.4ms | Allocations: 111)
  Rendered cats/new.html.erb within layouts/application (Duration: 1.9ms | Allocations: 409)
[Webpacker] Everything's up-to-date. Nothing to do
Completed 200 OK in 14ms (Views: 13.4ms | ActiveRecord: 0.0ms | Allocations: 5265)


Started GET "/cats/new" for ::1 at 2020-06-18 23:37:39 +0300
Processing by CatsController#new as HTML
  Rendering cats/new.html.erb within layouts/application
  Rendered cats/_form.html.erb (Duration: 1.2ms | Allocations: 112)
  Rendered cats/new.html.erb within layouts/application (Duration: 3.2ms | Allocations: 416)
[Webpacker] Everything's up-to-date. Nothing to do
Completed 200 OK in 16ms (Views: 14.5ms | ActiveRecord: 0.0ms | Allocations: 5280)


Started GET "/cats/new" for ::1 at 2020-06-18 23:38:07 +0300
Processing by CatsController#new as HTML
  Rendering cats/new.html.erb within layouts/application
  Rendered cats/_form.html.erb (Duration: 3.6ms | Allocations: 112)
  Rendered cats/new.html.erb within layouts/application (Duration: 5.5ms | Allocations: 410)
[Webpacker] Everything's up-to-date. Nothing to do
Completed 200 OK in 22ms (Views: 20.7ms | ActiveRecord: 0.0ms | Allocations: 5270)


Started GET "/cats/new" for ::1 at 2020-06-18 23:38:16 +0300
Processing by CatsController#new as HTML
  Rendering cats/new.html.erb within layouts/application
  Rendered cats/_form.html.erb (Duration: 0.5ms | Allocations: 112)
  Rendered cats/new.html.erb within layouts/application (Duration: 1.7ms | Allocations: 410)
[Webpacker] Everything's up-to-date. Nothing to do
Completed 200 OK in 15ms (Views: 14.2ms | ActiveRecord: 0.0ms | Allocations: 5256)


Started GET "/cats/new" for ::1 at 2020-06-18 23:39:39 +0300
Processing by CatsController#new as HTML
  Rendering cats/new.html.erb within layouts/application
  Rendered cats/_form.html.erb (Duration: 0.4ms | Allocations: 114)
  Rendered cats/new.html.erb within layouts/application (Duration: 1.5ms | Allocations: 412)
[Webpacker] Everything's up-to-date. Nothing to do
Completed 200 OK in 15ms (Views: 11.9ms | ActiveRecord: 0.0ms | Allocations: 5265)


Started GET "/cats/new" for ::1 at 2020-06-18 23:41:52 +0300
Processing by CatsController#new as HTML
  Rendering cats/new.html.erb within layouts/application
  Rendered cats/_form.html.erb (Duration: 0.4ms | Allocations: 115)
  Rendered cats/new.html.erb within layouts/application (Duration: 1.7ms | Allocations: 413)
[Webpacker] Everything's up-to-date. Nothing to do
Completed 200 OK in 13ms (Views: 12.4ms | ActiveRecord: 0.0ms | Allocations: 5255)


Started GET "/cats/new" for ::1 at 2020-06-18 23:43:36 +0300
Processing by CatsController#new as HTML
  Rendering cats/new.html.erb within layouts/application
  Rendered cats/_form.html.erb (Duration: 1.2ms | Allocations: 116)
  Rendered cats/new.html.erb within layouts/application (Duration: 4.6ms | Allocations: 420)
[Webpacker] Everything's up-to-date. Nothing to do
Completed 200 OK in 30ms (Views: 27.9ms | ActiveRecord: 0.0ms | Allocations: 5277)


Started GET "/cats/new" for ::1 at 2020-06-18 23:44:01 +0300
Processing by CatsController#new as HTML
  Rendering cats/new.html.erb within layouts/application
  Rendered cats/_form.html.erb (Duration: 0.4ms | Allocations: 117)
  Rendered cats/new.html.erb within layouts/application (Duration: 1.9ms | Allocations: 415)
[Webpacker] Everything's up-to-date. Nothing to do
Completed 200 OK in 16ms (Views: 15.1ms | ActiveRecord: 0.0ms | Allocations: 5264)


Started GET "/cats/new?cat%5Bname%5D=&color=----&cat%5Bdate%5D=&cat%5Bdescription%5D=" for ::1 at 2020-06-18 23:44:02 +0300
Processing by CatsController#new as HTML
  Parameters: {"cat"=>{"name"=>"", "date"=>"", "description"=>""}, "color"=>"----"}
  Rendering cats/new.html.erb within layouts/application
  Rendered cats/_form.html.erb (Duration: 0.1ms | Allocations: 6)
  Rendered cats/new.html.erb within layouts/application (Duration: 0.5ms | Allocations: 77)
[Webpacker] Everything's up-to-date. Nothing to do
Completed 200 OK in 14ms (Views: 11.0ms | ActiveRecord: 0.0ms | Allocations: 4005)


Started GET "/cats/new?cat%5Bname%5D=&color=----&cat%5Bdate%5D=&cat%5Bdescription%5D=" for ::1 at 2020-06-18 23:44:11 +0300
Processing by CatsController#new as HTML
  Parameters: {"cat"=>{"name"=>"", "date"=>"", "description"=>""}, "color"=>"----"}
  Rendering cats/new.html.erb within layouts/application
  Rendered cats/_form.html.erb (Duration: 0.7ms | Allocations: 117)
  Rendered cats/new.html.erb within layouts/application (Duration: 2.4ms | Allocations: 415)
[Webpacker] Everything's up-to-date. Nothing to do
Completed 200 OK in 18ms (Views: 17.5ms | ActiveRecord: 0.0ms | Allocations: 5279)


Started GET "/cats/new?cat%5Bname%5D=&color=----&cat%5Bdate%5D=&cat%5Bdescription%5D=" for ::1 at 2020-06-18 23:45:18 +0300
Processing by CatsController#new as HTML
  Parameters: {"cat"=>{"name"=>"", "date"=>"", "description"=>""}, "color"=>"----"}
  Rendering cats/new.html.erb within layouts/application
  Rendered cats/_form.html.erb (Duration: 0.6ms | Allocations: 116)
  Rendered cats/new.html.erb within layouts/application (Duration: 3.0ms | Allocations: 414)
[Webpacker] Everything's up-to-date. Nothing to do
Completed 200 OK in 32ms (Views: 30.6ms | ActiveRecord: 0.0ms | Allocations: 5270)


Started GET "/" for ::1 at 2020-06-19 23:11:12 +0300
  [1m[35m (1.8ms)[0m  [1m[34mSELECT "schema_migrations"."version" FROM "schema_migrations" ORDER BY "schema_migrations"."version" ASC[0m
Processing by Rails::WelcomeController#index as HTML
  Rendering /home/ynsture/.rbenv/versions/2.6.5/lib/ruby/gems/2.6.0/gems/railties-6.0.3.2/lib/rails/templates/rails/welcome/index.html.erb
  Rendered /home/ynsture/.rbenv/versions/2.6.5/lib/ruby/gems/2.6.0/gems/railties-6.0.3.2/lib/rails/templates/rails/welcome/index.html.erb (Duration: 8.8ms | Allocations: 308)
Completed 200 OK in 24ms (Views: 11.8ms | ActiveRecord: 0.0ms | Allocations: 1939)


Started GET "/cats/edit" for ::1 at 2020-06-19 23:15:17 +0300
Processing by CatsController#show as HTML
  Parameters: {"id"=>"edit"}
  Rendering cats/show.html.erb within layouts/application
  Rendered cats/show.html.erb within layouts/application (Duration: 2.9ms | Allocations: 1652)
Completed 500 Internal Server Error in 8ms (ActiveRecord: 0.0ms | Allocations: 2984)


  
ActionView::Template::Error (undefined method `name' for nil:NilClass):
     6:        <th>Sex</th>
     7:   </tr>
     8:  <tr>
     9:     <td> <%=@Cat.name %> </td>
    10:      <td><%=@Cat.color%> </td>
    11:       <td> <%=@Cat.sex%> </td>
    12:        <td> <%=@Cat.birth_date%> </td>
  
app/views/cats/show.html.erb:9
app/controllers/cats_controller.rb:25:in `show'
Started GET "/cats/333/edit" for ::1 at 2020-06-19 23:15:24 +0300
  
ActionController::RoutingError (No route matches [GET] "/cats/333/edit"):
  
actionpack (6.0.3.2) lib/action_dispatch/middleware/debug_exceptions.rb:36:in `call'
web-console (4.0.3) lib/web_console/middleware.rb:132:in `call_app'
web-console (4.0.3) lib/web_console/middleware.rb:28:in `block in call'
web-console (4.0.3) lib/web_console/middleware.rb:17:in `catch'
web-console (4.0.3) lib/web_console/middleware.rb:17:in `call'
actionpack (6.0.3.2) lib/action_dispatch/middleware/show_exceptions.rb:33:in `call'
railties (6.0.3.2) lib/rails/rack/logger.rb:37:in `call_app'
railties (6.0.3.2) lib/rails/rack/logger.rb:26:in `block in call'
activesupport (6.0.3.2) lib/active_support/tagged_logging.rb:80:in `block in tagged'
activesupport (6.0.3.2) lib/active_support/tagged_logging.rb:28:in `tagged'
activesupport (6.0.3.2) lib/active_support/tagged_logging.rb:80:in `tagged'
railties (6.0.3.2) lib/rails/rack/logger.rb:26:in `call'
sprockets-rails (3.2.1) lib/sprockets/rails/quiet_assets.rb:13:in `call'
actionpack (6.0.3.2) lib/action_dispatch/middleware/remote_ip.rb:81:in `call'
actionpack (6.0.3.2) lib/action_dispatch/middleware/request_id.rb:27:in `call'
rack (2.2.3) lib/rack/method_override.rb:24:in `call'
rack (2.2.3) lib/rack/runtime.rb:22:in `call'
activesupport (6.0.3.2) lib/active_support/cache/strategy/local_cache_middleware.rb:29:in `call'
actionpack (6.0.3.2) lib/action_dispatch/middleware/executor.rb:14:in `call'
actionpack (6.0.3.2) lib/action_dispatch/middleware/static.rb:126:in `call'
rack (2.2.3) lib/rack/sendfile.rb:110:in `call'
actionpack (6.0.3.2) lib/action_dispatch/middleware/host_authorization.rb:82:in `call'
webpacker (4.2.2) lib/webpacker/dev_server_proxy.rb:23:in `perform_request'
rack-proxy (0.6.5) lib/rack/proxy.rb:57:in `call'
railties (6.0.3.2) lib/rails/engine.rb:527:in `call'
puma (4.3.5) lib/puma/configuration.rb:228:in `call'
puma (4.3.5) lib/puma/server.rb:713:in `handle_request'
puma (4.3.5) lib/puma/server.rb:472:in `process_client'
puma (4.3.5) lib/puma/server.rb:328:in `block in run'
puma (4.3.5) lib/puma/thread_pool.rb:134:in `block in spawn_thread'
Started GET "/cats/333/edit" for ::1 at 2020-06-19 23:16:09 +0300
Processing by CatsController#edit as HTML
  Parameters: {"id"=>"333"}
  [1m[36mCat Load (3.1ms)[0m  [1m[34mSELECT "cats".* FROM "cats" WHERE "cats"."id" = $1 LIMIT $2[0m  [["id", 333], ["LIMIT", 1]]
  ↳ app/controllers/cats_controller.rb:9:in `edit'
Completed 404 Not Found in 35ms (ActiveRecord: 15.9ms | Allocations: 3165)


  
ActiveRecord::RecordNotFound (Couldn't find Cat with 'id'=333):
  
app/controllers/cats_controller.rb:9:in `edit'
Started GET "/cats/333/edit" for ::1 at 2020-06-19 23:16:31 +0300
Processing by CatsController#edit as HTML
  Parameters: {"id"=>"333"}
  Rendering cats/edit.html.erb within layouts/application
  Rendered cats/_form.html.erb (Duration: 0.3ms | Allocations: 119)
  Rendered cats/edit.html.erb within layouts/application (Duration: 1.3ms | Allocations: 418)
[Webpacker] Everything's up-to-date. Nothing to do
Completed 200 OK in 30ms (Views: 28.5ms | ActiveRecord: 0.0ms | Allocations: 6853)


Started GET "/cats/333/edit" for ::1 at 2020-06-19 23:17:22 +0300
Processing by CatsController#edit as HTML
  Parameters: {"id"=>"333"}
  Rendering cats/edit.html.erb within layouts/application
  Rendered cats/_form.html.erb (Duration: 1.6ms | Allocations: 116)
  Rendered cats/edit.html.erb within layouts/application (Duration: 3.9ms | Allocations: 415)
[Webpacker] Everything's up-to-date. Nothing to do
Completed 200 OK in 25ms (Views: 23.1ms | ActiveRecord: 0.0ms | Allocations: 5284)


Started GET "/cats/333/edit" for ::1 at 2020-06-19 23:58:05 +0300
Processing by CatsController#edit as HTML
  Parameters: {"id"=>"333"}
  Rendering cats/edit.html.erb within layouts/application
  Rendered cats/_form.html.erb (Duration: 452.6ms | Allocations: 147252)
  Rendered cats/edit.html.erb within layouts/application (Duration: 460.4ms | Allocations: 147554)
Completed 500 Internal Server Error in 477ms (ActiveRecord: 0.0ms | Allocations: 148812)


  
ActionView::Template::Error (undefined local variable or method `action' for #<#<Class:0x00007fd39484a638>:0x00007fd39483be58>
Did you mean?  action_name):
    1: 
    2: <form action="<%= action %>" method="post">
    3:   <input type="hidden" name="_method" value="<%= method %>">
    4:   <label for="cat_name">Name</label><br/>
    5:   <input
  
app/views/cats/_form.html.erb:2
app/views/cats/edit.html.erb:3
app/controllers/cats_controller.rb:10:in `edit'
Started GET "/cats/333/edit" for ::1 at 2020-06-19 23:58:26 +0300
Processing by CatsController#edit as HTML
  Parameters: {"id"=>"333"}
  Rendering cats/edit.html.erb within layouts/application
  Rendered cats/_form.html.erb (Duration: 2.7ms | Allocations: 1582)
  Rendered cats/edit.html.erb within layouts/application (Duration: 3.9ms | Allocations: 1884)
Completed 500 Internal Server Error in 7ms (ActiveRecord: 0.0ms | Allocations: 3145)


  
ActionView::Template::Error (undefined method `persisted?' for nil:NilClass):
    1: <% action = (cat.persisted? ? cat_url(cat) : cats_url) %>
    2: <% method = (cat.persisted? ? :patch : :post) %>
    3: <form action="<%= action %>" method="post">
    4:   <input type="hidden" name="_method" value="<%= method %>">
  
app/views/cats/_form.html.erb:1
app/views/cats/edit.html.erb:3
app/controllers/cats_controller.rb:10:in `edit'
  [1m[36mCat Load (1.0ms)[0m  [1m[34mSELECT "cats".* FROM "cats" LIMIT $1[0m  [["LIMIT", 11]]
  [1m[35m (0.2ms)[0m  [1m[35mBEGIN[0m
  [1m[36mCat Create (2.3ms)[0m  [1m[32mINSERT INTO "cats" ("name", "sex", "birth_date", "color", "created_at", "updated_at") VALUES ($1, $2, $3, $4, $5, $6) RETURNING "id"[0m  [["name", "cat1"], ["sex", "F"], ["birth_date", "2020-06-22"], ["color", "black"], ["created_at", "2020-06-19 21:02:04.190528"], ["updated_at", "2020-06-19 21:02:04.190528"]]
  [1m[35m (4.1ms)[0m  [1m[35mCOMMIT[0m
  [1m[36mCat Load (0.9ms)[0m  [1m[34mSELECT "cats".* FROM "cats" LIMIT $1[0m  [["LIMIT", 11]]
Started GET "/cats/1/edit" for ::1 at 2020-06-20 00:02:34 +0300
Processing by CatsController#edit as HTML
  Parameters: {"id"=>"1"}
  Rendering cats/edit.html.erb within layouts/application
  Rendered cats/_form.html.erb (Duration: 3.4ms | Allocations: 1388)
  Rendered cats/edit.html.erb within layouts/application (Duration: 4.0ms | Allocations: 1462)
Completed 500 Internal Server Error in 10ms (ActiveRecord: 0.0ms | Allocations: 1990)


  
ActionView::Template::Error (undefined method `persisted?' for nil:NilClass):
    1: <% action = (cat.persisted? ? cat_url(cat) : cats_url) %>
    2: <% method = (cat.persisted? ? :patch : :post) %>
    3: <form action="<%= action %>" method="post">
    4:   <input type="hidden" name="_method" value="<%= method %>">
  
app/views/cats/_form.html.erb:1
app/views/cats/edit.html.erb:3
app/controllers/cats_controller.rb:10:in `edit'
Started GET "/cats/1/edit" for ::1 at 2020-06-20 00:02:59 +0300
Processing by CatsController#edit as HTML
  Parameters: {"id"=>"1"}
  [1m[36mCat Load (1.3ms)[0m  [1m[34mSELECT "cats".* FROM "cats" WHERE "cats"."id" = $1 LIMIT $2[0m  [["id", 1], ["LIMIT", 1]]
  ↳ app/controllers/cats_controller.rb:9:in `edit'
  Rendering cats/edit.html.erb within layouts/application
  Rendered cats/_form.html.erb (Duration: 0.3ms | Allocations: 68)
  Rendered cats/edit.html.erb within layouts/application (Duration: 0.6ms | Allocations: 139)
[Webpacker] Everything's up-to-date. Nothing to do
Completed 200 OK in 68ms (Views: 19.0ms | ActiveRecord: 7.9ms | Allocations: 11451)


